{"/home/vibe/dbwebb-kurser/ramverk2/me/app/backend/src/index.js": {"path":"/home/vibe/dbwebb-kurser/ramverk2/me/app/backend/src/index.js","statementMap":{"0":{"start":{"line":1,"column":28},"end":{"line":1,"column":46}},"1":{"start":{"line":1,"column":63},"end":{"line":1,"column":95}},"2":{"start":{"line":2,"column":12},"end":{"line":2,"column":27}},"3":{"start":{"line":3,"column":18},"end":{"line":3,"column":40}},"4":{"start":{"line":3,"column":60},"end":{"line":3,"column":95}},"5":{"start":{"line":4,"column":20},"end":{"line":4,"column":43}},"6":{"start":{"line":4,"column":65},"end":{"line":4,"column":102}},"7":{"start":{"line":5,"column":27},"end":{"line":5,"column":59}},"8":{"start":{"line":6,"column":20},"end":{"line":6,"column":44}},"9":{"start":{"line":7,"column":27},"end":{"line":7,"column":59}},"10":{"start":{"line":8,"column":15},"end":{"line":8,"column":33}},"11":{"start":{"line":9,"column":32},"end":{"line":9,"column":69}},"12":{"start":{"line":11,"column":12},"end":{"line":11,"column":27}},"13":{"start":{"line":11,"column":41},"end":{"line":11,"column":70}},"14":{"start":{"line":12,"column":12},"end":{"line":12,"column":27}},"15":{"start":{"line":12,"column":41},"end":{"line":12,"column":70}},"16":{"start":{"line":13,"column":0},"end":{"line":13,"column":23}},"17":{"start":{"line":14,"column":17},"end":{"line":14,"column":46}},"18":{"start":{"line":14,"column":65},"end":{"line":14,"column":99}},"19":{"start":{"line":15,"column":12},"end":{"line":15,"column":38}},"20":{"start":{"line":16,"column":15},"end":{"line":16,"column":44}},"21":{"start":{"line":16,"column":83},"end":{"line":16,"column":137}},"22":{"start":{"line":18,"column":17},"end":{"line":18,"column":143}},"23":{"start":{"line":19,"column":18},"end":{"line":19,"column":151}},"24":{"start":{"line":21,"column":15},"end":{"line":23,"column":14}},"25":{"start":{"line":26,"column":12},"end":{"line":26,"column":36}},"26":{"start":{"line":27,"column":0},"end":{"line":27,"column":34}},"27":{"start":{"line":28,"column":0},"end":{"line":28,"column":32}},"28":{"start":{"line":30,"column":0},"end":{"line":30,"column":37}},"29":{"start":{"line":32,"column":0},"end":{"line":36,"column":115}},"30":{"start":{"line":40,"column":0},"end":{"line":46,"column":43}},"31":{"start":{"line":42,"column":49},"end":{"line":46,"column":39}},"32":{"start":{"line":51,"column":22},"end":{"line":51,"column":50}},"33":{"start":{"line":53,"column":0},"end":{"line":86,"column":3}},"34":{"start":{"line":54,"column":2},"end":{"line":56,"column":3}},"35":{"start":{"line":55,"column":4},"end":{"line":55,"column":65}},"36":{"start":{"line":58,"column":2},"end":{"line":81,"column":52}},"37":{"start":{"line":64,"column":6},"end":{"line":76,"column":7}},"38":{"start":{"line":65,"column":8},"end":{"line":73,"column":9}},"39":{"start":{"line":66,"column":27},"end":{"line":66,"column":99}},"40":{"start":{"line":67,"column":10},"end":{"line":69,"column":11}},"41":{"start":{"line":68,"column":12},"end":{"line":68,"column":51}},"42":{"start":{"line":70,"column":10},"end":{"line":70,"column":22}},"43":{"start":{"line":72,"column":10},"end":{"line":72,"column":20}},"44":{"start":{"line":75,"column":8},"end":{"line":75,"column":47}},"45":{"start":{"line":85,"column":2},"end":{"line":85,"column":77}}},"fnMap":{"0":{"name":"_interopRequireDefault","decl":{"start":{"line":16,"column":54},"end":{"line":16,"column":76}},"loc":{"start":{"line":16,"column":82},"end":{"line":16,"column":138}},"line":16},"1":{"name":"(anonymous_1)","decl":{"start":{"line":42,"column":41},"end":{"line":42,"column":42}},"loc":{"start":{"line":42,"column":49},"end":{"line":46,"column":39}},"line":42},"2":{"name":"(anonymous_2)","decl":{"start":{"line":53,"column":47},"end":{"line":53,"column":48}},"loc":{"start":{"line":53,"column":54},"end":{"line":86,"column":1}},"line":53},"3":{"name":"(anonymous_3)","decl":{"start":{"line":63,"column":15},"end":{"line":63,"column":16}},"loc":{"start":{"line":63,"column":41},"end":{"line":77,"column":5}},"line":63}},"branchMap":{"0":{"loc":{"start":{"line":16,"column":90},"end":{"line":16,"column":136}},"type":"cond-expr","locations":[{"start":{"line":16,"column":114},"end":{"line":16,"column":117}},{"start":{"line":16,"column":120},"end":{"line":16,"column":136}}],"line":16},"1":{"loc":{"start":{"line":16,"column":90},"end":{"line":16,"column":111}},"type":"binary-expr","locations":[{"start":{"line":16,"column":90},"end":{"line":16,"column":93}},{"start":{"line":16,"column":97},"end":{"line":16,"column":111}}],"line":16},"2":{"loc":{"start":{"line":54,"column":2},"end":{"line":56,"column":3}},"type":"if","locations":[{"start":{"line":54,"column":2},"end":{"line":56,"column":3}},{"start":{"line":54,"column":2},"end":{"line":56,"column":3}}],"line":54},"3":{"loc":{"start":{"line":64,"column":6},"end":{"line":76,"column":7}},"type":"if","locations":[{"start":{"line":64,"column":6},"end":{"line":76,"column":7}},{"start":{"line":64,"column":6},"end":{"line":76,"column":7}}],"line":64},"4":{"loc":{"start":{"line":67,"column":10},"end":{"line":69,"column":11}},"type":"if","locations":[{"start":{"line":67,"column":10},"end":{"line":69,"column":11}},{"start":{"line":67,"column":10},"end":{"line":69,"column":11}}],"line":67}},"s":{"0":0,"1":0,"2":0,"3":0,"4":0,"5":0,"6":0,"7":0,"8":0,"9":0,"10":0,"11":0,"12":0,"13":0,"14":0,"15":0,"16":0,"17":0,"18":0,"19":0,"20":0,"21":0,"22":0,"23":0,"24":0,"25":0,"26":0,"27":0,"28":0,"29":0,"30":0,"31":0,"32":0,"33":0,"34":0,"35":0,"36":0,"37":0,"38":0,"39":0,"40":0,"41":0,"42":0,"43":0,"44":0,"45":0},"f":{"0":0,"1":0,"2":0,"3":0},"b":{"0":[0,0],"1":[0,0],"2":[0,0],"3":[0,0],"4":[0,0]}}
,"/home/vibe/dbwebb-kurser/ramverk2/me/app/backend/src/config/constants.js": {"path":"/home/vibe/dbwebb-kurser/ramverk2/me/app/backend/src/config/constants.js","statementMap":{},"fnMap":{},"branchMap":{"0":{"loc":{"start":{"line":2,"column":8},"end":{"line":2,"column":59}},"type":"binary-expr","locations":[{"start":{"line":2,"column":8},"end":{"line":2,"column":24}},{"start":{"line":2,"column":28},"end":{"line":2,"column":51}},{"start":{"line":2,"column":55},"end":{"line":2,"column":59}}],"line":2},"1":{"loc":{"start":{"line":3,"column":10},"end":{"line":3,"column":85}},"type":"binary-expr","locations":[{"start":{"line":3,"column":10},"end":{"line":3,"column":28}},{"start":{"line":3,"column":32},"end":{"line":3,"column":54}},{"start":{"line":3,"column":58},"end":{"line":3,"column":85}}],"line":3},"2":{"loc":{"start":{"line":7,"column":4},"end":{"line":8,"column":70}},"type":"binary-expr","locations":[{"start":{"line":7,"column":4},"end":{"line":7,"column":30}},{"start":{"line":8,"column":4},"end":{"line":8,"column":70}}],"line":7},"3":{"loc":{"start":{"line":10,"column":4},"end":{"line":11,"column":70}},"type":"binary-expr","locations":[{"start":{"line":10,"column":4},"end":{"line":10,"column":30}},{"start":{"line":11,"column":4},"end":{"line":11,"column":70}}],"line":10}},"s":{},"f":{},"b":{"0":[3,3,3],"1":[3,3,3],"2":[3,3],"3":[3,3]},"_coverageSchema":"332fd63041d2c1bcb487cc26dd0d5f7d97098a6c","hash":"7eb8687b601123c2dca33e9181382664d5b7b631"}
,"/home/vibe/dbwebb-kurser/ramverk2/me/app/backend/src/config/db.js": {"path":"/home/vibe/dbwebb-kurser/ramverk2/me/app/backend/src/config/db.js","statementMap":{"0":{"start":{"line":1,"column":29},"end":{"line":1,"column":48}},"1":{"start":{"line":1,"column":66},"end":{"line":1,"column":99}},"2":{"start":{"line":2,"column":17},"end":{"line":2,"column":39}},"3":{"start":{"line":2,"column":58},"end":{"line":2,"column":92}},"4":{"start":{"line":2,"column":131},"end":{"line":2,"column":185}},"5":{"start":{"line":4,"column":0},"end":{"line":4,"column":44}},"6":{"start":{"line":6,"column":0},"end":{"line":6,"column":38}},"7":{"start":{"line":8,"column":0},"end":{"line":16,"column":1}},"8":{"start":{"line":9,"column":2},"end":{"line":10,"column":28}},"9":{"start":{"line":13,"column":2},"end":{"line":14,"column":28}},"10":{"start":{"line":18,"column":0},"end":{"line":20,"column":3}},"11":{"start":{"line":18,"column":49},"end":{"line":18,"column":84}},"12":{"start":{"line":19,"column":2},"end":{"line":19,"column":10}}},"fnMap":{"0":{"name":"_interopRequireDefault","decl":{"start":{"line":2,"column":102},"end":{"line":2,"column":124}},"loc":{"start":{"line":2,"column":130},"end":{"line":2,"column":186}},"line":2},"1":{"name":"(anonymous_1)","decl":{"start":{"line":18,"column":43},"end":{"line":18,"column":44}},"loc":{"start":{"line":18,"column":49},"end":{"line":18,"column":84}},"line":18},"2":{"name":"(anonymous_2)","decl":{"start":{"line":18,"column":98},"end":{"line":18,"column":99}},"loc":{"start":{"line":18,"column":103},"end":{"line":20,"column":1}},"line":18}},"branchMap":{"0":{"loc":{"start":{"line":2,"column":138},"end":{"line":2,"column":184}},"type":"cond-expr","locations":[{"start":{"line":2,"column":162},"end":{"line":2,"column":165}},{"start":{"line":2,"column":168},"end":{"line":2,"column":184}}],"line":2},"1":{"loc":{"start":{"line":2,"column":138},"end":{"line":2,"column":159}},"type":"binary-expr","locations":[{"start":{"line":2,"column":138},"end":{"line":2,"column":141}},{"start":{"line":2,"column":145},"end":{"line":2,"column":159}}],"line":2}},"s":{"0":0,"1":0,"2":0,"3":0,"4":0,"5":0,"6":0,"7":0,"8":0,"9":0,"10":0,"11":0,"12":0},"f":{"0":0,"1":0,"2":0},"b":{"0":[0,0],"1":[0,0]}}
,"/home/vibe/dbwebb-kurser/ramverk2/me/app/backend/src/config/middlewares.js": {"path":"/home/vibe/dbwebb-kurser/ramverk2/me/app/backend/src/config/middlewares.js","statementMap":{},"fnMap":{},"branchMap":{},"s":{},"f":{},"b":{}}
,"/home/vibe/dbwebb-kurser/ramverk2/me/app/backend/src/config/pubsub.js": {"path":"/home/vibe/dbwebb-kurser/ramverk2/me/app/backend/src/config/pubsub.js","statementMap":{"0":{"start":{"line":1,"column":13},"end":{"line":1,"column":75}},"1":{"start":{"line":1,"column":75},"end":{"line":1,"column":102}},"2":{"start":{"line":1,"column":130},"end":{"line":1,"column":162}},"3":{"start":{"line":3,"column":15},"end":{"line":3,"column":66}}},"fnMap":{},"branchMap":{},"s":{"0":0,"1":0,"2":0,"3":0},"f":{},"b":{}}
,"/home/vibe/dbwebb-kurser/ramverk2/me/app/backend/src/data/coin_data.js": {"path":"/home/vibe/dbwebb-kurser/ramverk2/me/app/backend/src/data/coin_data.js","statementMap":{"0":{"start":{"line":1,"column":13},"end":{"line":1,"column":70}},"1":{"start":{"line":1,"column":82},"end":{"line":23698,"column":19}},"2":{"start":{"line":23698,"column":20},"end":{"line":23702,"column":6}}},"fnMap":{},"branchMap":{},"s":{"0":0,"1":0,"2":0},"f":{},"b":{}}
,"/home/vibe/dbwebb-kurser/ramverk2/me/app/backend/src/graphql/resolvers/coin.js": {"path":"/home/vibe/dbwebb-kurser/ramverk2/me/app/backend/src/graphql/resolvers/coin.js","statementMap":{"0":{"start":{"line":1,"column":13},"end":{"line":1,"column":75}},"1":{"start":{"line":1,"column":104},"end":{"line":1,"column":138}},"2":{"start":{"line":3,"column":21},"end":{"line":3,"column":60}},"3":{"start":{"line":4,"column":20},"end":{"line":4,"column":58}},"4":{"start":{"line":5,"column":140},"end":{"line":46,"column":10}},"5":{"start":{"line":11,"column":6},"end":{"line":11,"column":54}},"6":{"start":{"line":18,"column":6},"end":{"line":18,"column":61}},"7":{"start":{"line":22,"column":6},"end":{"line":22,"column":63}},"8":{"start":{"line":45,"column":6},"end":{"line":45,"column":50}}},"fnMap":{"0":{"name":"(anonymous_0)","decl":{"start":{"line":9,"column":11},"end":{"line":9,"column":12}},"loc":{"start":{"line":9,"column":49},"end":{"line":12,"column":5}},"line":9},"1":{"name":"(anonymous_1)","decl":{"start":{"line":16,"column":16},"end":{"line":16,"column":17}},"loc":{"start":{"line":16,"column":54},"end":{"line":19,"column":5}},"line":16},"2":{"name":"(anonymous_2)","decl":{"start":{"line":20,"column":17},"end":{"line":20,"column":18}},"loc":{"start":{"line":20,"column":61},"end":{"line":23,"column":5}},"line":20},"3":{"name":"(anonymous_3)","decl":{"start":{"line":43,"column":17},"end":{"line":43,"column":18}},"loc":{"start":{"line":43,"column":55},"end":{"line":46,"column":5}},"line":43}},"branchMap":{"0":{"loc":{"start":{"line":20,"column":34},"end":{"line":20,"column":44}},"type":"default-arg","locations":[{"start":{"line":20,"column":42},"end":{"line":20,"column":44}}],"line":20}},"s":{"0":0,"1":0,"2":0,"3":0,"4":0,"5":0,"6":0,"7":0,"8":0},"f":{"0":0,"1":0,"2":0,"3":0},"b":{"0":[0]}}
,"/home/vibe/dbwebb-kurser/ramverk2/me/app/backend/src/graphql/resolvers/date.js": {"path":"/home/vibe/dbwebb-kurser/ramverk2/me/app/backend/src/graphql/resolvers/date.js","statementMap":{"0":{"start":{"line":1,"column":13},"end":{"line":1,"column":75}},"1":{"start":{"line":1,"column":94},"end":{"line":1,"column":117}},"2":{"start":{"line":1,"column":138},"end":{"line":1,"column":174}},"3":{"start":{"line":1,"column":213},"end":{"line":1,"column":267}},"4":{"start":{"line":1,"column":268},"end":{"line":4,"column":32}}},"fnMap":{"0":{"name":"_interopRequireDefault","decl":{"start":{"line":1,"column":184},"end":{"line":1,"column":206}},"loc":{"start":{"line":1,"column":212},"end":{"line":1,"column":268}},"line":1}},"branchMap":{"0":{"loc":{"start":{"line":1,"column":220},"end":{"line":1,"column":266}},"type":"cond-expr","locations":[{"start":{"line":1,"column":244},"end":{"line":1,"column":247}},{"start":{"line":1,"column":250},"end":{"line":1,"column":266}}],"line":1},"1":{"loc":{"start":{"line":1,"column":220},"end":{"line":1,"column":241}},"type":"binary-expr","locations":[{"start":{"line":1,"column":220},"end":{"line":1,"column":223}},{"start":{"line":1,"column":227},"end":{"line":1,"column":241}}],"line":1}},"s":{"0":0,"1":0,"2":0,"3":0,"4":0},"f":{"0":0},"b":{"0":[0,0],"1":[0,0]}}
,"/home/vibe/dbwebb-kurser/ramverk2/me/app/backend/src/graphql/resolvers/message.js": {"path":"/home/vibe/dbwebb-kurser/ramverk2/me/app/backend/src/graphql/resolvers/message.js","statementMap":{"0":{"start":{"line":1,"column":13},"end":{"line":1,"column":75}},"1":{"start":{"line":1,"column":90},"end":{"line":1,"column":321}},"2":{"start":{"line":1,"column":126},"end":{"line":1,"column":306}},"3":{"start":{"line":1,"column":183},"end":{"line":1,"column":195}},"4":{"start":{"line":1,"column":196},"end":{"line":1,"column":305}},"5":{"start":{"line":1,"column":221},"end":{"line":1,"column":304}},"6":{"start":{"line":1,"column":277},"end":{"line":1,"column":303}},"7":{"start":{"line":1,"column":306},"end":{"line":1,"column":320}},"8":{"start":{"line":1,"column":350},"end":{"line":1,"column":382}},"9":{"start":{"line":3,"column":15},"end":{"line":3,"column":46}},"10":{"start":{"line":3,"column":63},"end":{"line":3,"column":95}},"11":{"start":{"line":4,"column":12},"end":{"line":4,"column":40}},"12":{"start":{"line":4,"column":54},"end":{"line":4,"column":83}},"13":{"start":{"line":5,"column":12},"end":{"line":5,"column":42}},"14":{"start":{"line":5,"column":81},"end":{"line":5,"column":135}},"15":{"start":{"line":7,"column":15},"end":{"line":7,"column":49}},"16":{"start":{"line":9,"column":20},"end":{"line":9,"column":33}},"17":{"start":{"line":9,"column":34},"end":{"line":85,"column":10}},"18":{"start":{"line":15,"column":12},"end":{"line":15,"column":45}},"19":{"start":{"line":16,"column":25},"end":{"line":16,"column":51}},"20":{"start":{"line":26,"column":6},"end":{"line":28,"column":7}},"21":{"start":{"line":27,"column":8},"end":{"line":27,"column":45}},"22":{"start":{"line":29,"column":6},"end":{"line":29,"column":35}},"23":{"start":{"line":36,"column":6},"end":{"line":41,"column":7}},"24":{"start":{"line":37,"column":8},"end":{"line":37,"column":43}},"25":{"start":{"line":38,"column":8},"end":{"line":38,"column":53}},"26":{"start":{"line":40,"column":8},"end":{"line":40,"column":18}},"27":{"start":{"line":44,"column":6},"end":{"line":52,"column":7}},"28":{"start":{"line":45,"column":8},"end":{"line":45,"column":43}},"29":{"start":{"line":46,"column":8},"end":{"line":49,"column":21}},"30":{"start":{"line":51,"column":8},"end":{"line":51,"column":18}},"31":{"start":{"line":58,"column":6},"end":{"line":84,"column":7}},"32":{"start":{"line":59,"column":8},"end":{"line":59,"column":43}},"33":{"start":{"line":60,"column":24},"end":{"line":60,"column":94}},"34":{"start":{"line":62,"column":31},"end":{"line":77,"column":9}},"35":{"start":{"line":63,"column":30},"end":{"line":63,"column":69}},"36":{"start":{"line":66,"column":10},"end":{"line":74,"column":37}},"37":{"start":{"line":79,"column":8},"end":{"line":79,"column":25}},"38":{"start":{"line":81,"column":8},"end":{"line":81,"column":20}},"39":{"start":{"line":83,"column":8},"end":{"line":83,"column":21}}},"fnMap":{"0":{"name":"(anonymous_0)","decl":{"start":{"line":1,"column":107},"end":{"line":1,"column":108}},"loc":{"start":{"line":1,"column":125},"end":{"line":1,"column":321}},"line":1},"1":{"name":"_interopRequireDefault","decl":{"start":{"line":5,"column":52},"end":{"line":5,"column":74}},"loc":{"start":{"line":5,"column":80},"end":{"line":5,"column":136}},"line":5},"2":{"name":"(anonymous_2)","decl":{"start":{"line":15,"column":6},"end":{"line":15,"column":7}},"loc":{"start":{"line":15,"column":12},"end":{"line":15,"column":45}},"line":15},"3":{"name":"(anonymous_3)","decl":{"start":{"line":16,"column":6},"end":{"line":16,"column":7}},"loc":{"start":{"line":16,"column":25},"end":{"line":16,"column":51}},"line":16},"4":{"name":"(anonymous_4)","decl":{"start":{"line":25,"column":14},"end":{"line":25,"column":15}},"loc":{"start":{"line":25,"column":55},"end":{"line":30,"column":5}},"line":25},"5":{"name":"(anonymous_5)","decl":{"start":{"line":35,"column":16},"end":{"line":35,"column":17}},"loc":{"start":{"line":35,"column":53},"end":{"line":42,"column":5}},"line":35},"6":{"name":"(anonymous_6)","decl":{"start":{"line":43,"column":17},"end":{"line":43,"column":18}},"loc":{"start":{"line":43,"column":67},"end":{"line":53,"column":5}},"line":43},"7":{"name":"(anonymous_7)","decl":{"start":{"line":57,"column":19},"end":{"line":57,"column":20}},"loc":{"start":{"line":57,"column":53},"end":{"line":85,"column":5}},"line":57},"8":{"name":"(anonymous_8)","decl":{"start":{"line":62,"column":31},"end":{"line":62,"column":32}},"loc":{"start":{"line":62,"column":43},"end":{"line":77,"column":9}},"line":62}},"branchMap":{"0":{"loc":{"start":{"line":1,"column":90},"end":{"line":1,"column":321}},"type":"binary-expr","locations":[{"start":{"line":1,"column":90},"end":{"line":1,"column":103}},{"start":{"line":1,"column":107},"end":{"line":1,"column":321}}],"line":1},"1":{"loc":{"start":{"line":1,"column":221},"end":{"line":1,"column":304}},"type":"if","locations":[{"start":{"line":1,"column":221},"end":{"line":1,"column":304}},{"start":{"line":1,"column":221},"end":{"line":1,"column":304}}],"line":1},"2":{"loc":{"start":{"line":5,"column":88},"end":{"line":5,"column":134}},"type":"cond-expr","locations":[{"start":{"line":5,"column":112},"end":{"line":5,"column":115}},{"start":{"line":5,"column":118},"end":{"line":5,"column":134}}],"line":5},"3":{"loc":{"start":{"line":5,"column":88},"end":{"line":5,"column":109}},"type":"binary-expr","locations":[{"start":{"line":5,"column":88},"end":{"line":5,"column":91}},{"start":{"line":5,"column":95},"end":{"line":5,"column":109}}],"line":5},"4":{"loc":{"start":{"line":26,"column":6},"end":{"line":28,"column":7}},"type":"if","locations":[{"start":{"line":26,"column":6},"end":{"line":28,"column":7}},{"start":{"line":26,"column":6},"end":{"line":28,"column":7}}],"line":26},"5":{"loc":{"start":{"line":43,"column":34},"end":{"line":43,"column":44}},"type":"default-arg","locations":[{"start":{"line":43,"column":43},"end":{"line":43,"column":44}}],"line":43}},"s":{"0":0,"1":0,"2":0,"3":0,"4":0,"5":0,"6":0,"7":0,"8":0,"9":0,"10":0,"11":0,"12":0,"13":0,"14":0,"15":0,"16":0,"17":0,"18":0,"19":0,"20":0,"21":0,"22":0,"23":0,"24":0,"25":0,"26":0,"27":0,"28":0,"29":0,"30":0,"31":0,"32":0,"33":0,"34":0,"35":0,"36":0,"37":0,"38":0,"39":0},"f":{"0":0,"1":0,"2":0,"3":0,"4":0,"5":0,"6":0,"7":0,"8":0},"b":{"0":[0,0],"1":[0,0],"2":[0,0],"3":[0,0],"4":[0,0],"5":[0]}}
,"/home/vibe/dbwebb-kurser/ramverk2/me/app/backend/src/graphql/resolvers/user.js": {"path":"/home/vibe/dbwebb-kurser/ramverk2/me/app/backend/src/graphql/resolvers/user.js","statementMap":{"0":{"start":{"line":1,"column":13},"end":{"line":1,"column":75}},"1":{"start":{"line":1,"column":87},"end":{"line":1,"column":115}},"2":{"start":{"line":1,"column":129},"end":{"line":1,"column":158}},"3":{"start":{"line":2,"column":12},"end":{"line":2,"column":42}},"4":{"start":{"line":2,"column":81},"end":{"line":2,"column":135}},"5":{"start":{"line":2,"column":195},"end":{"line":2,"column":197}},"6":{"start":{"line":2,"column":198},"end":{"line":2,"column":333}},"7":{"start":{"line":2,"column":218},"end":{"line":2,"column":253}},"8":{"start":{"line":2,"column":244},"end":{"line":2,"column":253}},"9":{"start":{"line":2,"column":253},"end":{"line":2,"column":313}},"10":{"start":{"line":2,"column":304},"end":{"line":2,"column":313}},"11":{"start":{"line":2,"column":313},"end":{"line":2,"column":332}},"12":{"start":{"line":2,"column":333},"end":{"line":2,"column":347}},"13":{"start":{"line":2,"column":348},"end":{"line":83,"column":10}},"14":{"start":{"line":9,"column":6},"end":{"line":14,"column":7}},"15":{"start":{"line":10,"column":8},"end":{"line":10,"column":43}},"16":{"start":{"line":11,"column":8},"end":{"line":11,"column":63}},"17":{"start":{"line":13,"column":8},"end":{"line":13,"column":18}},"18":{"start":{"line":17,"column":6},"end":{"line":23,"column":7}},"19":{"start":{"line":18,"column":19},"end":{"line":18,"column":53}},"20":{"start":{"line":20,"column":8},"end":{"line":20,"column":18}},"21":{"start":{"line":22,"column":8},"end":{"line":22,"column":18}},"22":{"start":{"line":29,"column":6},"end":{"line":41,"column":7}},"23":{"start":{"line":30,"column":32},"end":{"line":30,"column":61}},"24":{"start":{"line":31,"column":21},"end":{"line":31,"column":65}},"25":{"start":{"line":33,"column":8},"end":{"line":35,"column":38}},"26":{"start":{"line":38,"column":8},"end":{"line":39,"column":27}},"27":{"start":{"line":44,"column":6},"end":{"line":63,"column":7}},"28":{"start":{"line":45,"column":21},"end":{"line":45,"column":60}},"29":{"start":{"line":47,"column":8},"end":{"line":49,"column":9}},"30":{"start":{"line":48,"column":10},"end":{"line":48,"column":44}},"31":{"start":{"line":51,"column":8},"end":{"line":53,"column":9}},"32":{"start":{"line":52,"column":10},"end":{"line":52,"column":44}},"33":{"start":{"line":55,"column":8},"end":{"line":57,"column":38}},"34":{"start":{"line":60,"column":8},"end":{"line":61,"column":27}},"35":{"start":{"line":66,"column":65},"end":{"line":66,"column":69}},"36":{"start":{"line":66,"column":77},"end":{"line":66,"column":116}},"37":{"start":{"line":67,"column":6},"end":{"line":82,"column":7}},"38":{"start":{"line":68,"column":8},"end":{"line":68,"column":43}},"39":{"start":{"line":69,"column":28},"end":{"line":69,"column":75}},"40":{"start":{"line":71,"column":8},"end":{"line":73,"column":9}},"41":{"start":{"line":72,"column":10},"end":{"line":72,"column":39}},"42":{"start":{"line":75,"column":8},"end":{"line":77,"column":11}},"43":{"start":{"line":76,"column":10},"end":{"line":76,"column":35}},"44":{"start":{"line":79,"column":8},"end":{"line":79,"column":34}},"45":{"start":{"line":81,"column":8},"end":{"line":81,"column":20}}},"fnMap":{"0":{"name":"_interopRequireDefault","decl":{"start":{"line":2,"column":52},"end":{"line":2,"column":74}},"loc":{"start":{"line":2,"column":80},"end":{"line":2,"column":136}},"line":2},"1":{"name":"_objectWithoutProperties","decl":{"start":{"line":2,"column":145},"end":{"line":2,"column":169}},"loc":{"start":{"line":2,"column":181},"end":{"line":2,"column":348}},"line":2},"2":{"name":"(anonymous_2)","decl":{"start":{"line":8,"column":14},"end":{"line":8,"column":15}},"loc":{"start":{"line":8,"column":48},"end":{"line":15,"column":5}},"line":8},"3":{"name":"(anonymous_3)","decl":{"start":{"line":16,"column":8},"end":{"line":16,"column":9}},"loc":{"start":{"line":16,"column":42},"end":{"line":24,"column":5}},"line":16},"4":{"name":"(anonymous_4)","decl":{"start":{"line":28,"column":12},"end":{"line":28,"column":13}},"loc":{"start":{"line":28,"column":70},"end":{"line":42,"column":5}},"line":28},"5":{"name":"(anonymous_5)","decl":{"start":{"line":43,"column":11},"end":{"line":43,"column":12}},"loc":{"start":{"line":43,"column":59},"end":{"line":64,"column":5}},"line":43},"6":{"name":"(anonymous_6)","decl":{"start":{"line":66,"column":16},"end":{"line":66,"column":17}},"loc":{"start":{"line":66,"column":50},"end":{"line":83,"column":5}},"line":66},"7":{"name":"(anonymous_7)","decl":{"start":{"line":75,"column":37},"end":{"line":75,"column":38}},"loc":{"start":{"line":75,"column":55},"end":{"line":77,"column":9}},"line":75}},"branchMap":{"0":{"loc":{"start":{"line":2,"column":88},"end":{"line":2,"column":134}},"type":"cond-expr","locations":[{"start":{"line":2,"column":112},"end":{"line":2,"column":115}},{"start":{"line":2,"column":118},"end":{"line":2,"column":134}}],"line":2},"1":{"loc":{"start":{"line":2,"column":88},"end":{"line":2,"column":109}},"type":"binary-expr","locations":[{"start":{"line":2,"column":88},"end":{"line":2,"column":91}},{"start":{"line":2,"column":95},"end":{"line":2,"column":109}}],"line":2},"2":{"loc":{"start":{"line":2,"column":218},"end":{"line":2,"column":253}},"type":"if","locations":[{"start":{"line":2,"column":218},"end":{"line":2,"column":253}},{"start":{"line":2,"column":218},"end":{"line":2,"column":253}}],"line":2},"3":{"loc":{"start":{"line":2,"column":253},"end":{"line":2,"column":313}},"type":"if","locations":[{"start":{"line":2,"column":253},"end":{"line":2,"column":313}},{"start":{"line":2,"column":253},"end":{"line":2,"column":313}}],"line":2},"4":{"loc":{"start":{"line":47,"column":8},"end":{"line":49,"column":9}},"type":"if","locations":[{"start":{"line":47,"column":8},"end":{"line":49,"column":9}},{"start":{"line":47,"column":8},"end":{"line":49,"column":9}}],"line":47},"5":{"loc":{"start":{"line":51,"column":8},"end":{"line":53,"column":9}},"type":"if","locations":[{"start":{"line":51,"column":8},"end":{"line":53,"column":9}},{"start":{"line":51,"column":8},"end":{"line":53,"column":9}}],"line":51},"6":{"loc":{"start":{"line":71,"column":8},"end":{"line":73,"column":9}},"type":"if","locations":[{"start":{"line":71,"column":8},"end":{"line":73,"column":9}},{"start":{"line":71,"column":8},"end":{"line":73,"column":9}}],"line":71}},"s":{"0":0,"1":0,"2":0,"3":0,"4":0,"5":0,"6":0,"7":0,"8":0,"9":0,"10":0,"11":0,"12":0,"13":0,"14":0,"15":0,"16":0,"17":0,"18":0,"19":0,"20":0,"21":0,"22":0,"23":0,"24":0,"25":0,"26":0,"27":0,"28":0,"29":0,"30":0,"31":0,"32":0,"33":0,"34":0,"35":0,"36":0,"37":0,"38":0,"39":0,"40":0,"41":0,"42":0,"43":0,"44":0,"45":0},"f":{"0":0,"1":0,"2":0,"3":0,"4":0,"5":0,"6":0,"7":0},"b":{"0":[0,0],"1":[0,0],"2":[0,0],"3":[0,0],"4":[0,0],"5":[0,0],"6":[0,0]}}
,"/home/vibe/dbwebb-kurser/ramverk2/me/app/backend/src/graphql/schema/coin.js": {"path":"/home/vibe/dbwebb-kurser/ramverk2/me/app/backend/src/graphql/schema/coin.js","statementMap":{"0":{"start":{"line":1,"column":13},"end":{"line":1,"column":75}},"1":{"start":{"line":1,"column":75},"end":{"line":39,"column":2}}},"fnMap":{},"branchMap":{},"s":{"0":0,"1":0},"f":{},"b":{}}
,"/home/vibe/dbwebb-kurser/ramverk2/me/app/backend/src/graphql/schema/message.js": {"path":"/home/vibe/dbwebb-kurser/ramverk2/me/app/backend/src/graphql/schema/message.js","statementMap":{"0":{"start":{"line":1,"column":13},"end":{"line":1,"column":75}},"1":{"start":{"line":1,"column":75},"end":{"line":24,"column":2}}},"fnMap":{},"branchMap":{},"s":{"0":0,"1":0},"f":{},"b":{}}
,"/home/vibe/dbwebb-kurser/ramverk2/me/app/backend/src/graphql/schema/user.js": {"path":"/home/vibe/dbwebb-kurser/ramverk2/me/app/backend/src/graphql/schema/user.js","statementMap":{"0":{"start":{"line":1,"column":13},"end":{"line":1,"column":75}},"1":{"start":{"line":1,"column":75},"end":{"line":30,"column":2}}},"fnMap":{},"branchMap":{},"s":{"0":0,"1":0},"f":{},"b":{}}
,"/home/vibe/dbwebb-kurser/ramverk2/me/app/backend/src/models/Message.js": {"path":"/home/vibe/dbwebb-kurser/ramverk2/me/app/backend/src/models/Message.js","statementMap":{"0":{"start":{"line":1,"column":13},"end":{"line":1,"column":75}},"1":{"start":{"line":1,"column":91},"end":{"line":1,"column":110}},"2":{"start":{"line":1,"column":128},"end":{"line":1,"column":161}},"3":{"start":{"line":1,"column":200},"end":{"line":1,"column":254}},"4":{"start":{"line":3,"column":22},"end":{"line":20,"column":21}},"5":{"start":{"line":20,"column":22},"end":{"line":23,"column":51}}},"fnMap":{"0":{"name":"_interopRequireDefault","decl":{"start":{"line":1,"column":171},"end":{"line":1,"column":193}},"loc":{"start":{"line":1,"column":199},"end":{"line":1,"column":255}},"line":1}},"branchMap":{"0":{"loc":{"start":{"line":1,"column":207},"end":{"line":1,"column":253}},"type":"cond-expr","locations":[{"start":{"line":1,"column":231},"end":{"line":1,"column":234}},{"start":{"line":1,"column":237},"end":{"line":1,"column":253}}],"line":1},"1":{"loc":{"start":{"line":1,"column":207},"end":{"line":1,"column":228}},"type":"binary-expr","locations":[{"start":{"line":1,"column":207},"end":{"line":1,"column":210}},{"start":{"line":1,"column":214},"end":{"line":1,"column":228}}],"line":1}},"s":{"0":0,"1":0,"2":0,"3":0,"4":0,"5":0},"f":{"0":0},"b":{"0":[0,0],"1":[0,0]}}
,"/home/vibe/dbwebb-kurser/ramverk2/me/app/backend/src/models/User.js": {"path":"/home/vibe/dbwebb-kurser/ramverk2/me/app/backend/src/models/User.js","statementMap":{"0":{"start":{"line":1,"column":13},"end":{"line":1,"column":75}},"1":{"start":{"line":1,"column":91},"end":{"line":1,"column":110}},"2":{"start":{"line":1,"column":128},"end":{"line":1,"column":161}},"3":{"start":{"line":2,"column":20},"end":{"line":2,"column":44}},"4":{"start":{"line":3,"column":20},"end":{"line":3,"column":43}},"5":{"start":{"line":3,"column":65},"end":{"line":3,"column":102}},"6":{"start":{"line":5,"column":17},"end":{"line":5,"column":47}},"7":{"start":{"line":5,"column":66},"end":{"line":5,"column":100}},"8":{"start":{"line":5,"column":139},"end":{"line":5,"column":193}},"9":{"start":{"line":7,"column":19},"end":{"line":29,"column":21}},"10":{"start":{"line":32,"column":0},"end":{"line":39,"column":3}},"11":{"start":{"line":33,"column":2},"end":{"line":36,"column":3}},"12":{"start":{"line":34,"column":4},"end":{"line":34,"column":54}},"13":{"start":{"line":35,"column":4},"end":{"line":35,"column":18}},"14":{"start":{"line":38,"column":2},"end":{"line":38,"column":16}},"15":{"start":{"line":41,"column":0},"end":{"line":56,"column":6}},"16":{"start":{"line":43,"column":4},"end":{"line":43,"column":49}},"17":{"start":{"line":46,"column":4},"end":{"line":46,"column":67}},"18":{"start":{"line":49,"column":4},"end":{"line":54,"column":26}},"19":{"start":{"line":56,"column":6},"end":{"line":59,"column":45}}},"fnMap":{"0":{"name":"_interopRequireDefault","decl":{"start":{"line":5,"column":110},"end":{"line":5,"column":132}},"loc":{"start":{"line":5,"column":138},"end":{"line":5,"column":194}},"line":5},"1":{"name":"(anonymous_1)","decl":{"start":{"line":32,"column":23},"end":{"line":32,"column":24}},"loc":{"start":{"line":32,"column":39},"end":{"line":39,"column":1}},"line":32}},"branchMap":{"0":{"loc":{"start":{"line":5,"column":146},"end":{"line":5,"column":192}},"type":"cond-expr","locations":[{"start":{"line":5,"column":170},"end":{"line":5,"column":173}},{"start":{"line":5,"column":176},"end":{"line":5,"column":192}}],"line":5},"1":{"loc":{"start":{"line":5,"column":146},"end":{"line":5,"column":167}},"type":"binary-expr","locations":[{"start":{"line":5,"column":146},"end":{"line":5,"column":149}},{"start":{"line":5,"column":153},"end":{"line":5,"column":167}}],"line":5},"2":{"loc":{"start":{"line":33,"column":2},"end":{"line":36,"column":3}},"type":"if","locations":[{"start":{"line":33,"column":2},"end":{"line":36,"column":3}},{"start":{"line":33,"column":2},"end":{"line":36,"column":3}}],"line":33}},"s":{"0":0,"1":0,"2":0,"3":0,"4":0,"5":0,"6":0,"7":0,"8":0,"9":0,"10":0,"11":0,"12":0,"13":0,"14":0,"15":0,"16":0,"17":0,"18":0,"19":0},"f":{"0":0,"1":0},"b":{"0":[0,0],"1":[0,0],"2":[0,0]}}
,"/home/vibe/dbwebb-kurser/ramverk2/me/app/backend/src/services/auth.js": {"path":"/home/vibe/dbwebb-kurser/ramverk2/me/app/backend/src/services/auth.js","statementMap":{"0":{"start":{"line":1,"column":13},"end":{"line":1,"column":75}},"1":{"start":{"line":1,"column":75},"end":{"line":1,"column":134}},"2":{"start":{"line":1,"column":154},"end":{"line":1,"column":177}},"3":{"start":{"line":1,"column":199},"end":{"line":1,"column":236}},"4":{"start":{"line":3,"column":17},"end":{"line":3,"column":47}},"5":{"start":{"line":3,"column":66},"end":{"line":3,"column":100}},"6":{"start":{"line":4,"column":12},"end":{"line":4,"column":37}},"7":{"start":{"line":4,"column":51},"end":{"line":4,"column":80}},"8":{"start":{"line":4,"column":119},"end":{"line":4,"column":173}},"9":{"start":{"line":13,"column":25},"end":{"line":24,"column":1}},"10":{"start":{"line":14,"column":16},"end":{"line":14,"column":38}},"11":{"start":{"line":15,"column":2},"end":{"line":22,"column":3}},"12":{"start":{"line":16,"column":4},"end":{"line":21,"column":5}},"13":{"start":{"line":17,"column":23},"end":{"line":17,"column":95}},"14":{"start":{"line":18,"column":6},"end":{"line":18,"column":22}},"15":{"start":{"line":20,"column":6},"end":{"line":20,"column":22}},"16":{"start":{"line":23,"column":2},"end":{"line":23,"column":9}},"17":{"start":{"line":32,"column":20},"end":{"line":44,"column":1}},"18":{"start":{"line":33,"column":2},"end":{"line":35,"column":3}},"19":{"start":{"line":34,"column":4},"end":{"line":34,"column":46}},"20":{"start":{"line":37,"column":13},"end":{"line":37,"column":52}},"21":{"start":{"line":39,"column":2},"end":{"line":41,"column":3}},"22":{"start":{"line":40,"column":4},"end":{"line":40,"column":52}},"23":{"start":{"line":43,"column":2},"end":{"line":43,"column":12}}},"fnMap":{"0":{"name":"_interopRequireDefault","decl":{"start":{"line":4,"column":90},"end":{"line":4,"column":112}},"loc":{"start":{"line":4,"column":118},"end":{"line":4,"column":174}},"line":4},"1":{"name":"(anonymous_1)","decl":{"start":{"line":13,"column":52},"end":{"line":13,"column":53}},"loc":{"start":{"line":13,"column":78},"end":{"line":24,"column":1}},"line":13},"2":{"name":"(anonymous_2)","decl":{"start":{"line":32,"column":42},"end":{"line":32,"column":43}},"loc":{"start":{"line":32,"column":56},"end":{"line":44,"column":1}},"line":32}},"branchMap":{"0":{"loc":{"start":{"line":4,"column":126},"end":{"line":4,"column":172}},"type":"cond-expr","locations":[{"start":{"line":4,"column":150},"end":{"line":4,"column":153}},{"start":{"line":4,"column":156},"end":{"line":4,"column":172}}],"line":4},"1":{"loc":{"start":{"line":4,"column":126},"end":{"line":4,"column":147}},"type":"binary-expr","locations":[{"start":{"line":4,"column":126},"end":{"line":4,"column":129}},{"start":{"line":4,"column":133},"end":{"line":4,"column":147}}],"line":4},"2":{"loc":{"start":{"line":15,"column":2},"end":{"line":22,"column":3}},"type":"if","locations":[{"start":{"line":15,"column":2},"end":{"line":22,"column":3}},{"start":{"line":15,"column":2},"end":{"line":22,"column":3}}],"line":15},"3":{"loc":{"start":{"line":33,"column":2},"end":{"line":35,"column":3}},"type":"if","locations":[{"start":{"line":33,"column":2},"end":{"line":35,"column":3}},{"start":{"line":33,"column":2},"end":{"line":35,"column":3}}],"line":33},"4":{"loc":{"start":{"line":33,"column":6},"end":{"line":33,"column":24}},"type":"binary-expr","locations":[{"start":{"line":33,"column":6},"end":{"line":33,"column":11}},{"start":{"line":33,"column":15},"end":{"line":33,"column":24}}],"line":33},"5":{"loc":{"start":{"line":39,"column":2},"end":{"line":41,"column":3}},"type":"if","locations":[{"start":{"line":39,"column":2},"end":{"line":41,"column":3}},{"start":{"line":39,"column":2},"end":{"line":41,"column":3}}],"line":39}},"s":{"0":0,"1":0,"2":0,"3":0,"4":0,"5":0,"6":0,"7":0,"8":0,"9":0,"10":0,"11":0,"12":0,"13":0,"14":0,"15":0,"16":0,"17":0,"18":0,"19":0,"20":0,"21":0,"22":0,"23":0},"f":{"0":0,"1":0,"2":0},"b":{"0":[0,0],"1":[0,0],"2":[0,0],"3":[0,0],"4":[0,0],"5":[0,0]}}
,"/home/vibe/dbwebb-kurser/ramverk2/me/app/backend/src/services/autocomplete.js": {"path":"/home/vibe/dbwebb-kurser/ramverk2/me/app/backend/src/services/autocomplete.js","statementMap":{"0":{"start":{"line":1,"column":13},"end":{"line":1,"column":75}},"1":{"start":{"line":1,"column":75},"end":{"line":1,"column":107}},"2":{"start":{"line":1,"column":124},"end":{"line":1,"column":152}},"3":{"start":{"line":1,"column":171},"end":{"line":1,"column":205}},"4":{"start":{"line":1,"column":244},"end":{"line":1,"column":298}},"5":{"start":{"line":8,"column":20},"end":{"line":21,"column":1}},"6":{"start":{"line":9,"column":17},"end":{"line":9,"column":83}},"7":{"start":{"line":9,"column":49},"end":{"line":9,"column":82}},"8":{"start":{"line":11,"column":2},"end":{"line":16,"column":3}},"9":{"start":{"line":12,"column":4},"end":{"line":14,"column":19}},"10":{"start":{"line":17,"column":2},"end":{"line":19,"column":19}}},"fnMap":{"0":{"name":"_interopRequireDefault","decl":{"start":{"line":1,"column":215},"end":{"line":1,"column":237}},"loc":{"start":{"line":1,"column":243},"end":{"line":1,"column":299}},"line":1},"1":{"name":"(anonymous_1)","decl":{"start":{"line":8,"column":42},"end":{"line":8,"column":43}},"loc":{"start":{"line":8,"column":50},"end":{"line":21,"column":1}},"line":8},"2":{"name":"(anonymous_2)","decl":{"start":{"line":9,"column":44},"end":{"line":9,"column":45}},"loc":{"start":{"line":9,"column":49},"end":{"line":9,"column":82}},"line":9}},"branchMap":{"0":{"loc":{"start":{"line":1,"column":251},"end":{"line":1,"column":297}},"type":"cond-expr","locations":[{"start":{"line":1,"column":275},"end":{"line":1,"column":278}},{"start":{"line":1,"column":281},"end":{"line":1,"column":297}}],"line":1},"1":{"loc":{"start":{"line":1,"column":251},"end":{"line":1,"column":272}},"type":"binary-expr","locations":[{"start":{"line":1,"column":251},"end":{"line":1,"column":254}},{"start":{"line":1,"column":258},"end":{"line":1,"column":272}}],"line":1},"2":{"loc":{"start":{"line":11,"column":2},"end":{"line":16,"column":3}},"type":"if","locations":[{"start":{"line":11,"column":2},"end":{"line":16,"column":3}},{"start":{"line":11,"column":2},"end":{"line":16,"column":3}}],"line":11}},"s":{"0":0,"1":0,"2":0,"3":0,"4":0,"5":0,"6":0,"7":0,"8":0,"9":0,"10":0},"f":{"0":0,"1":0,"2":0},"b":{"0":[0,0],"1":[0,0],"2":[0,0]}}
,"/home/vibe/dbwebb-kurser/ramverk2/me/app/backend/src/services/coinmarketcap.js": {"path":"/home/vibe/dbwebb-kurser/ramverk2/me/app/backend/src/services/coinmarketcap.js","statementMap":{"0":{"start":{"line":1,"column":13},"end":{"line":1,"column":75}},"1":{"start":{"line":1,"column":75},"end":{"line":1,"column":134}},"2":{"start":{"line":1,"column":147},"end":{"line":1,"column":163}},"3":{"start":{"line":1,"column":178},"end":{"line":1,"column":208}},"4":{"start":{"line":1,"column":247},"end":{"line":1,"column":301}},"5":{"start":{"line":3,"column":12},"end":{"line":3,"column":53}},"6":{"start":{"line":10,"column":22},"end":{"line":44,"column":1}},"7":{"start":{"line":11,"column":2},"end":{"line":43,"column":3}},"8":{"start":{"line":12,"column":21},"end":{"line":12,"column":65}},"9":{"start":{"line":14,"column":21},"end":{"line":14,"column":29}},"10":{"start":{"line":15,"column":20},"end":{"line":29,"column":78}},"11":{"start":{"line":32,"column":4},"end":{"line":34,"column":22}},"12":{"start":{"line":37,"column":4},"end":{"line":42,"column":5}},"13":{"start":{"line":38,"column":6},"end":{"line":40,"column":19}},"14":{"start":{"line":51,"column":23},"end":{"line":87,"column":1}},"15":{"start":{"line":52,"column":2},"end":{"line":86,"column":3}},"16":{"start":{"line":53,"column":21},"end":{"line":53,"column":72}},"17":{"start":{"line":55,"column":21},"end":{"line":55,"column":29}},"18":{"start":{"line":56,"column":20},"end":{"line":73,"column":6}},"19":{"start":{"line":57,"column":6},"end":{"line":71,"column":75}},"20":{"start":{"line":75,"column":4},"end":{"line":77,"column":22}},"21":{"start":{"line":80,"column":4},"end":{"line":85,"column":5}},"22":{"start":{"line":81,"column":6},"end":{"line":83,"column":21}}},"fnMap":{"0":{"name":"_interopRequireDefault","decl":{"start":{"line":1,"column":218},"end":{"line":1,"column":240}},"loc":{"start":{"line":1,"column":246},"end":{"line":1,"column":302}},"line":1},"1":{"name":"(anonymous_1)","decl":{"start":{"line":10,"column":46},"end":{"line":10,"column":47}},"loc":{"start":{"line":10,"column":60},"end":{"line":44,"column":1}},"line":10},"2":{"name":"(anonymous_2)","decl":{"start":{"line":51,"column":48},"end":{"line":51,"column":49}},"loc":{"start":{"line":51,"column":63},"end":{"line":87,"column":1}},"line":51},"3":{"name":"(anonymous_3)","decl":{"start":{"line":56,"column":29},"end":{"line":56,"column":30}},"loc":{"start":{"line":56,"column":34},"end":{"line":73,"column":5}},"line":56}},"branchMap":{"0":{"loc":{"start":{"line":1,"column":254},"end":{"line":1,"column":300}},"type":"cond-expr","locations":[{"start":{"line":1,"column":278},"end":{"line":1,"column":281}},{"start":{"line":1,"column":284},"end":{"line":1,"column":300}}],"line":1},"1":{"loc":{"start":{"line":1,"column":254},"end":{"line":1,"column":275}},"type":"binary-expr","locations":[{"start":{"line":1,"column":254},"end":{"line":1,"column":257}},{"start":{"line":1,"column":261},"end":{"line":1,"column":275}}],"line":1},"2":{"loc":{"start":{"line":37,"column":4},"end":{"line":42,"column":5}},"type":"if","locations":[{"start":{"line":37,"column":4},"end":{"line":42,"column":5}},{"start":{"line":37,"column":4},"end":{"line":42,"column":5}}],"line":37},"3":{"loc":{"start":{"line":80,"column":4},"end":{"line":85,"column":5}},"type":"if","locations":[{"start":{"line":80,"column":4},"end":{"line":85,"column":5}},{"start":{"line":80,"column":4},"end":{"line":85,"column":5}}],"line":80}},"s":{"0":0,"1":0,"2":0,"3":0,"4":0,"5":0,"6":0,"7":0,"8":0,"9":0,"10":0,"11":0,"12":0,"13":0,"14":0,"15":0,"16":0,"17":0,"18":0,"19":0,"20":0,"21":0,"22":0},"f":{"0":0,"1":0,"2":0,"3":0},"b":{"0":[0,0],"1":[0,0],"2":[0,0],"3":[0,0]}}
,"/home/vibe/dbwebb-kurser/ramverk2/me/app/backend/src/services/cryptocompare.js": {"path":"/home/vibe/dbwebb-kurser/ramverk2/me/app/backend/src/services/cryptocompare.js","statementMap":{"0":{"start":{"line":1,"column":13},"end":{"line":1,"column":75}},"1":{"start":{"line":1,"column":75},"end":{"line":1,"column":108}},"2":{"start":{"line":1,"column":121},"end":{"line":1,"column":137}},"3":{"start":{"line":1,"column":152},"end":{"line":1,"column":182}},"4":{"start":{"line":1,"column":221},"end":{"line":1,"column":275}},"5":{"start":{"line":3,"column":12},"end":{"line":3,"column":43}},"6":{"start":{"line":9,"column":21},"end":{"line":43,"column":1}},"7":{"start":{"line":10,"column":2},"end":{"line":42,"column":3}},"8":{"start":{"line":11,"column":22},"end":{"line":11,"column":28}},"9":{"start":{"line":12,"column":4},"end":{"line":17,"column":5}},"10":{"start":{"line":13,"column":6},"end":{"line":15,"column":45}},"11":{"start":{"line":19,"column":21},"end":{"line":19,"column":75}},"12":{"start":{"line":21,"column":21},"end":{"line":21,"column":34}},"13":{"start":{"line":24,"column":4},"end":{"line":24,"column":64}},"14":{"start":{"line":25,"column":4},"end":{"line":25,"column":62}},"15":{"start":{"line":26,"column":4},"end":{"line":26,"column":63}},"16":{"start":{"line":27,"column":4},"end":{"line":27,"column":65}},"17":{"start":{"line":29,"column":21},"end":{"line":29,"column":47}},"18":{"start":{"line":31,"column":4},"end":{"line":33,"column":39}},"19":{"start":{"line":36,"column":4},"end":{"line":41,"column":5}},"20":{"start":{"line":37,"column":6},"end":{"line":39,"column":29}}},"fnMap":{"0":{"name":"_interopRequireDefault","decl":{"start":{"line":1,"column":192},"end":{"line":1,"column":214}},"loc":{"start":{"line":1,"column":220},"end":{"line":1,"column":276}},"line":1},"1":{"name":"(anonymous_1)","decl":{"start":{"line":9,"column":44},"end":{"line":9,"column":45}},"loc":{"start":{"line":9,"column":60},"end":{"line":43,"column":1}},"line":9}},"branchMap":{"0":{"loc":{"start":{"line":1,"column":228},"end":{"line":1,"column":274}},"type":"cond-expr","locations":[{"start":{"line":1,"column":252},"end":{"line":1,"column":255}},{"start":{"line":1,"column":258},"end":{"line":1,"column":274}}],"line":1},"1":{"loc":{"start":{"line":1,"column":228},"end":{"line":1,"column":249}},"type":"binary-expr","locations":[{"start":{"line":1,"column":228},"end":{"line":1,"column":231}},{"start":{"line":1,"column":235},"end":{"line":1,"column":249}}],"line":1},"2":{"loc":{"start":{"line":12,"column":4},"end":{"line":17,"column":5}},"type":"if","locations":[{"start":{"line":12,"column":4},"end":{"line":17,"column":5}},{"start":{"line":12,"column":4},"end":{"line":17,"column":5}}],"line":12},"3":{"loc":{"start":{"line":24,"column":18},"end":{"line":24,"column":63}},"type":"cond-expr","locations":[{"start":{"line":24,"column":44},"end":{"line":24,"column":49}},{"start":{"line":24,"column":52},"end":{"line":24,"column":63}}],"line":24},"4":{"loc":{"start":{"line":25,"column":18},"end":{"line":25,"column":61}},"type":"cond-expr","locations":[{"start":{"line":25,"column":42},"end":{"line":25,"column":47}},{"start":{"line":25,"column":50},"end":{"line":25,"column":61}}],"line":25},"5":{"loc":{"start":{"line":26,"column":18},"end":{"line":26,"column":62}},"type":"cond-expr","locations":[{"start":{"line":26,"column":43},"end":{"line":26,"column":48}},{"start":{"line":26,"column":51},"end":{"line":26,"column":62}}],"line":26},"6":{"loc":{"start":{"line":27,"column":18},"end":{"line":27,"column":64}},"type":"cond-expr","locations":[{"start":{"line":27,"column":42},"end":{"line":27,"column":50}},{"start":{"line":27,"column":53},"end":{"line":27,"column":64}}],"line":27},"7":{"loc":{"start":{"line":36,"column":4},"end":{"line":41,"column":5}},"type":"if","locations":[{"start":{"line":36,"column":4},"end":{"line":41,"column":5}},{"start":{"line":36,"column":4},"end":{"line":41,"column":5}}],"line":36}},"s":{"0":0,"1":0,"2":0,"3":0,"4":0,"5":0,"6":0,"7":0,"8":0,"9":0,"10":0,"11":0,"12":0,"13":0,"14":0,"15":0,"16":0,"17":0,"18":0,"19":0,"20":0},"f":{"0":0,"1":0},"b":{"0":[0,0],"1":[0,0],"2":[0,0],"3":[0,0],"4":[0,0],"5":[0,0],"6":[0,0],"7":[0,0]}}
,"/home/vibe/dbwebb-kurser/ramverk2/me/app/backend/src/services/loaders.js": {"path":"/home/vibe/dbwebb-kurser/ramverk2/me/app/backend/src/services/loaders.js","statementMap":{"0":{"start":{"line":1,"column":13},"end":{"line":1,"column":75}},"1":{"start":{"line":1,"column":75},"end":{"line":1,"column":106}},"2":{"start":{"line":1,"column":124},"end":{"line":1,"column":145}},"3":{"start":{"line":1,"column":165},"end":{"line":1,"column":200}},"4":{"start":{"line":2,"column":14},"end":{"line":2,"column":31}},"5":{"start":{"line":2,"column":47},"end":{"line":2,"column":78}},"6":{"start":{"line":3,"column":12},"end":{"line":3,"column":37}},"7":{"start":{"line":3,"column":51},"end":{"line":3,"column":80}},"8":{"start":{"line":3,"column":119},"end":{"line":3,"column":173}},"9":{"start":{"line":5,"column":19},"end":{"line":10,"column":2}},"10":{"start":{"line":6,"column":16},"end":{"line":6,"column":68}},"11":{"start":{"line":8,"column":20},"end":{"line":8,"column":56}},"12":{"start":{"line":9,"column":2},"end":{"line":9,"column":50}},"13":{"start":{"line":9,"column":31},"end":{"line":9,"column":48}}},"fnMap":{"0":{"name":"_interopRequireDefault","decl":{"start":{"line":3,"column":90},"end":{"line":3,"column":112}},"loc":{"start":{"line":3,"column":118},"end":{"line":3,"column":174}},"line":3},"1":{"name":"(anonymous_1)","decl":{"start":{"line":5,"column":65},"end":{"line":5,"column":66}},"loc":{"start":{"line":5,"column":82},"end":{"line":10,"column":1}},"line":5},"2":{"name":"(anonymous_2)","decl":{"start":{"line":9,"column":21},"end":{"line":9,"column":22}},"loc":{"start":{"line":9,"column":31},"end":{"line":9,"column":48}},"line":9}},"branchMap":{"0":{"loc":{"start":{"line":3,"column":126},"end":{"line":3,"column":172}},"type":"cond-expr","locations":[{"start":{"line":3,"column":150},"end":{"line":3,"column":153}},{"start":{"line":3,"column":156},"end":{"line":3,"column":172}}],"line":3},"1":{"loc":{"start":{"line":3,"column":126},"end":{"line":3,"column":147}},"type":"binary-expr","locations":[{"start":{"line":3,"column":126},"end":{"line":3,"column":129}},{"start":{"line":3,"column":133},"end":{"line":3,"column":147}}],"line":3}},"s":{"0":0,"1":0,"2":0,"3":0,"4":0,"5":0,"6":0,"7":0,"8":0,"9":0,"10":0,"11":0,"12":0,"13":0},"f":{"0":0,"1":0,"2":0},"b":{"0":[0,0],"1":[0,0]}}
}
